2024-05-12 13:52:57.182 [main] INFO  Server - Collection has been initialized
2024-05-12 13:52:57.187 [main] INFO  Server - Thread for input has been created
2024-05-12 13:52:57.195 [main] INFO  Server - Server is opened and binded to the address /127.0.0.1:2804
2024-05-12 13:52:57.195 [main] INFO  Server - Server is now waiting for new connections
2024-05-12 13:53:00.208 [main] INFO  Server - Server is now waiting for new connections
2024-05-12 13:53:00.213 [main] INFO  Server - Server has accepted a new client Socket[addr=/127.0.0.1,port=51949,localport=2804]
2024-05-12 13:53:06.441 [main] INFO  Server - Waiting for request...
2024-05-12 13:53:06.442 [main] INFO  Server - Bytes recieved and deserialized: 27
2024-05-12 13:53:06.504 [main] INFO  Server - Processing request is finished
2024-05-12 13:53:06.510 [main] INFO  Server - Bytes to be sent: 591
2024-05-12 13:53:14.263 [main] INFO  Server - Waiting for request...
2024-05-12 13:53:14.263 [main] INFO  Server - Bytes recieved and deserialized: 286
2024-05-12 13:53:14.270 [main] INFO  Server - Processing request is finished
2024-05-12 13:53:14.271 [main] INFO  Server - Bytes to be sent: 111
2024-05-12 13:53:16.279 [main] INFO  Server - Waiting for request...
2024-05-12 13:53:16.280 [main] INFO  Server - Bytes recieved and deserialized: 27
2024-05-12 13:53:16.281 [main] INFO  Server - Processing request is finished
2024-05-12 13:53:16.282 [main] INFO  Server - Bytes to be sent: 874
2024-05-12 13:53:38.803 [main] INFO  Server - Waiting for request...
2024-05-12 13:53:38.803 [main] INFO  Server - Bytes recieved and deserialized: 39
2024-05-12 13:53:38.805 [main] INFO  Server - Processing request is finished
2024-05-12 13:53:38.805 [main] INFO  Server - Bytes to be sent: 109
2024-05-12 13:53:44.107 [main] INFO  Server - Waiting for request...
2024-05-12 13:53:44.109 [main] WARN  Server - Client Socket[addr=/127.0.0.1,port=51949,localport=2804] disconnected
2024-05-12 13:53:44.109 [main] INFO  Server - Saving collection after client's disconnect...
2024-05-12 13:53:44.150 [main] INFO  Server - Command save was finished successfully with command output: 
Collection has been saved.
2024-05-12 13:53:44.151 [main] INFO  Server - Closing connection...
2024-05-12 13:53:44.151 [main] INFO  Server - Connection closed
2024-05-12 13:53:44.152 [main] WARN  Server - Processing client has ended. Returning to waiting for connections...
2024-05-12 13:53:44.152 [main] INFO  Server - Server is now waiting for new connections
2024-05-12 13:53:47.159 [main] INFO  Server - Server is now waiting for new connections
2024-05-12 13:53:50.168 [main] INFO  Server - Server is now waiting for new connections
2024-05-12 13:53:53.011 [Thread-0] INFO  Server - INPUT: exit
