2024-05-12 01:12:18.982 [main] INFO  Server - Collection has been initialized
2024-05-12 01:12:18.988 [main] INFO  Server - Thread for input has been created
2024-05-12 01:12:18.996 [main] INFO  Server - Server is opened and binded to the address /127.0.0.1:2804
2024-05-12 01:12:18.997 [main] INFO  Server - Server is now waiting for new connections
2024-05-12 01:12:22.003 [main] INFO  Server - Server is now waiting for new connections
2024-05-12 01:12:22.008 [main] INFO  Server - Server has accepted a new client Socket[addr=/127.0.0.1,port=52799,localport=2804]
2024-05-12 01:12:32.596 [main] INFO  Server - Waiting for request...
2024-05-12 01:12:32.597 [main] INFO  Server - Bytes recieved and deserialized: 286
2024-05-12 01:12:32.625 [main] INFO  Server - Processing request is finished
2024-05-12 01:12:32.630 [main] INFO  Server - Bytes to be sent: 111
2024-05-12 01:12:34.609 [main] INFO  Server - Waiting for request...
2024-05-12 01:12:34.610 [main] INFO  Server - Bytes recieved and deserialized: 27
2024-05-12 01:12:34.648 [main] INFO  Server - Processing request is finished
2024-05-12 01:12:34.649 [main] INFO  Server - Bytes to be sent: 874
2024-05-12 01:12:41.557 [main] INFO  Server - Waiting for request...
2024-05-12 01:12:41.558 [main] INFO  Server - Bytes recieved and deserialized: 39
2024-05-12 01:12:41.560 [main] INFO  Server - Processing request is finished
2024-05-12 01:12:41.560 [main] INFO  Server - Bytes to be sent: 109
2024-05-12 01:12:43.586 [main] INFO  Server - Waiting for request...
2024-05-12 01:12:43.586 [main] INFO  Server - Bytes recieved and deserialized: 27
2024-05-12 01:12:43.587 [main] INFO  Server - Processing request is finished
2024-05-12 01:12:43.588 [main] INFO  Server - Bytes to be sent: 639
2024-05-12 01:12:45.611 [main] INFO  Server - Waiting for request...
2024-05-12 01:12:45.612 [main] INFO  Server - Bytes recieved and deserialized: 286
2024-05-12 01:12:45.614 [main] INFO  Server - Processing request is finished
2024-05-12 01:12:45.614 [main] INFO  Server - Bytes to be sent: 111
2024-05-12 01:12:47.618 [main] INFO  Server - Waiting for request...
2024-05-12 01:12:47.618 [main] INFO  Server - Bytes recieved and deserialized: 27
2024-05-12 01:12:47.620 [main] INFO  Server - Processing request is finished
2024-05-12 01:12:47.620 [main] INFO  Server - Bytes to be sent: 922
2024-05-12 01:12:55.099 [main] INFO  Server - Waiting for request...
2024-05-12 01:12:55.100 [main] INFO  Server - Bytes recieved and deserialized: 27
2024-05-12 01:12:55.107 [main] INFO  Server - Processing request is finished
2024-05-12 01:12:55.107 [main] INFO  Server - Bytes to be sent: 180
2024-05-12 01:12:58.937 [main] INFO  Server - Waiting for request...
2024-05-12 01:12:58.938 [main] INFO  Server - Bytes recieved and deserialized: 27
2024-05-12 01:12:58.939 [main] INFO  Server - Processing request is finished
2024-05-12 01:12:58.939 [main] INFO  Server - Bytes to be sent: 922
2024-05-12 01:13:25.665 [main] INFO  Server - Waiting for request...
2024-05-12 01:13:25.667 [main] WARN  Server - Client Socket[addr=/127.0.0.1,port=52799,localport=2804] disconnected
2024-05-12 01:13:25.667 [main] INFO  Server - Saving collection after client's disconnect...
2024-05-12 01:13:25.702 [main] INFO  Server - Command save was finished successfully with command output: 
Collection has been saved.
2024-05-12 01:13:25.703 [main] INFO  Server - Closing connection...
2024-05-12 01:13:25.703 [main] INFO  Server - Connection closed
2024-05-12 01:13:25.704 [main] WARN  Server - Processing client has ended. Returning to waiting for connections...
2024-05-12 01:13:25.704 [main] INFO  Server - Server is now waiting for new connections
2024-05-12 01:13:28.719 [main] INFO  Server - Server is now waiting for new connections
2024-05-12 01:13:31.729 [main] INFO  Server - Server is now waiting for new connections
2024-05-12 01:13:34.030 [Thread-0] INFO  Server - INPUT: ssave
2024-05-12 01:13:34.731 [main] INFO  Server - Server is now waiting for new connections
2024-05-12 01:13:37.741 [main] INFO  Server - Server is now waiting for new connections
2024-05-12 01:13:40.386 [Thread-0] INFO  Server - INPUT: save
2024-05-12 01:13:40.397 [Thread-0] INFO  Server - Command save was finished successfully with command output: 
Collection has been saved.
2024-05-12 01:13:40.753 [main] INFO  Server - Server is now waiting for new connections
2024-05-12 01:13:42.839 [Thread-0] INFO  Server - INPUT: exit
2024-05-12 01:13:42.851 [Thread-0] INFO  Server - Saving before exiting...
2024-05-12 01:13:42.851 [Thread-0] INFO  Server - Command save was finished successfully with command output: 
Collection has been saved.
