2024-05-27 03:27:31.782 [main] INFO  DBRelated.JdbcProvider - Connection with db is established 
2024-05-27 03:27:31.841 [main] INFO  Server - Server started running
2024-05-27 03:27:34.697 [main] INFO  Server - Accepted connection from /127.0.0.1:50570
2024-05-27 03:27:34.701 [pool-2-thread-1] INFO  Server - before read request in processing client block
2024-05-27 03:27:34.704 [pool-2-thread-2] INFO  Server - in reading method
2024-05-27 03:27:37.372 [pool-2-thread-2] INFO  Server - returning ois.readObject
2024-05-27 03:27:37.385 [pool-2-thread-1] INFO  Server - after reading request in processing client block
2024-05-27 03:27:37.387 [pool-2-thread-1] INFO  Server - before read request in processing client block
2024-05-27 03:27:37.388 [pool-2-thread-2] INFO  Server - in reading method
2024-05-27 03:27:37.388 [ForkJoinPool-1-worker-1] INFO  Server - before processing request in processing client block
2024-05-27 03:27:37.389 [ForkJoinPool-1-worker-1] INFO  Server - in processRequest method
2024-05-27 03:27:37.389 [ForkJoinPool-1-worker-1] INFO  Server - processing request started
2024-05-27 03:27:37.460 [ForkJoinPool-1-worker-1] INFO  Server - after processing request in processing client block
2024-05-27 03:27:37.462 [pool-3-thread-1] INFO  Server - in send response 
2024-05-27 03:27:37.467 [pool-3-thread-1] INFO  Server - oos flushed
2024-05-27 03:27:37.468 [pool-3-thread-1] INFO  Server - before writing to clientSocket sizeBuffer
2024-05-27 03:27:37.468 [pool-3-thread-1] INFO  Server - in sending response while loop
2024-05-27 03:27:37.469 [pool-3-thread-1] INFO  Server - Response sent to /127.0.0.1:50570
2024-05-27 03:27:51.635 [pool-2-thread-2] INFO  Server - returning ois.readObject
2024-05-27 03:27:51.636 [pool-2-thread-1] INFO  Server - after reading request in processing client block
2024-05-27 03:27:51.636 [pool-2-thread-1] INFO  Server - before read request in processing client block
2024-05-27 03:27:51.636 [ForkJoinPool-1-worker-1] INFO  Server - before processing request in processing client block
2024-05-27 03:27:51.637 [pool-2-thread-2] INFO  Server - in reading method
2024-05-27 03:27:51.637 [ForkJoinPool-1-worker-1] INFO  Server - in processRequest method
2024-05-27 03:27:51.637 [ForkJoinPool-1-worker-1] INFO  Server - processing request started
2024-05-27 03:27:51.759 [ForkJoinPool-1-worker-1] INFO  Server - user a registered
2024-05-27 03:27:51.759 [ForkJoinPool-1-worker-1] INFO  Server - after processing request in processing client block
2024-05-27 03:27:51.760 [pool-3-thread-2] INFO  Server - in send response 
2024-05-27 03:27:51.761 [pool-3-thread-2] INFO  Server - oos flushed
2024-05-27 03:27:51.762 [pool-3-thread-2] INFO  Server - before writing to clientSocket sizeBuffer
2024-05-27 03:27:51.762 [pool-3-thread-2] INFO  Server - in sending response while loop
2024-05-27 03:27:51.763 [pool-3-thread-2] INFO  Server - Response sent to /127.0.0.1:50570
2024-05-27 03:27:57.659 [pool-2-thread-2] INFO  Server - returning ois.readObject
2024-05-27 03:27:57.660 [pool-2-thread-1] INFO  Server - after reading request in processing client block
2024-05-27 03:27:57.661 [pool-2-thread-1] INFO  Server - before read request in processing client block
2024-05-27 03:27:57.661 [ForkJoinPool-1-worker-1] INFO  Server - before processing request in processing client block
2024-05-27 03:27:57.661 [pool-2-thread-2] INFO  Server - in reading method
2024-05-27 03:27:57.661 [ForkJoinPool-1-worker-1] INFO  Server - in processRequest method
2024-05-27 03:27:57.662 [ForkJoinPool-1-worker-1] INFO  Server - processing request started
2024-05-27 03:27:57.663 [ForkJoinPool-1-worker-1] INFO  Server - before requestHandler.processRequest
2024-05-27 03:27:57.672 [ForkJoinPool-1-worker-1] INFO  Server - after requestHandler processRequest
2024-05-27 03:27:57.673 [ForkJoinPool-1-worker-1] INFO  Server - after processing request in processing client block
2024-05-27 03:27:57.674 [pool-3-thread-3] INFO  Server - in send response 
2024-05-27 03:27:57.675 [pool-3-thread-3] INFO  Server - oos flushed
2024-05-27 03:27:57.675 [pool-3-thread-3] INFO  Server - before writing to clientSocket sizeBuffer
2024-05-27 03:27:57.676 [pool-3-thread-3] INFO  Server - in sending response while loop
2024-05-27 03:27:57.676 [pool-3-thread-3] INFO  Server - Response sent to /127.0.0.1:50570
2024-05-27 03:28:37.604 [pool-2-thread-2] ERROR Server - Connection closed prematurely
2024-05-27 03:28:37.605 [pool-2-thread-1] INFO  Server - after reading request in processing client block
2024-05-27 03:28:37.606 [pool-2-thread-1] INFO  Server - null request -> breaking processing client
2024-05-27 03:28:39.064 [main] INFO  Server - Accepted connection from /127.0.0.1:50591
2024-05-27 03:28:39.065 [pool-2-thread-1] INFO  Server - before read request in processing client block
2024-05-27 03:28:39.065 [pool-2-thread-2] INFO  Server - in reading method
2024-05-27 03:28:40.390 [pool-2-thread-2] INFO  Server - returning ois.readObject
2024-05-27 03:28:40.391 [pool-2-thread-1] INFO  Server - after reading request in processing client block
2024-05-27 03:28:40.392 [pool-2-thread-1] INFO  Server - before read request in processing client block
2024-05-27 03:28:40.392 [ForkJoinPool-1-worker-1] INFO  Server - before processing request in processing client block
2024-05-27 03:28:40.392 [ForkJoinPool-1-worker-1] INFO  Server - in processRequest method
2024-05-27 03:28:40.392 [pool-2-thread-2] INFO  Server - in reading method
2024-05-27 03:28:40.393 [ForkJoinPool-1-worker-1] INFO  Server - processing request started
2024-05-27 03:28:40.485 [ForkJoinPool-1-worker-1] INFO  Server - after processing request in processing client block
2024-05-27 03:28:40.486 [pool-3-thread-4] INFO  Server - in send response 
2024-05-27 03:28:40.487 [pool-3-thread-4] INFO  Server - oos flushed
2024-05-27 03:28:40.488 [pool-3-thread-4] INFO  Server - before writing to clientSocket sizeBuffer
2024-05-27 03:28:40.488 [pool-3-thread-4] INFO  Server - in sending response while loop
2024-05-27 03:28:40.489 [pool-3-thread-4] INFO  Server - Response sent to /127.0.0.1:50591
2024-05-27 03:29:34.769 [Thread-0] INFO  Server - INPUT: exit
