2024-05-27 02:44:10.516 [main] INFO  DBRelated.JdbcProvider - Connection with db is established 
2024-05-27 02:44:10.572 [main] INFO  Server - Server started running
2024-05-27 02:44:10.948 [main] INFO  Server - Accepted connection from /127.0.0.1:65222
2024-05-27 02:44:10.948 [main] INFO  Server - before read request in processing client block
2024-05-27 02:44:10.951 [pool-2-thread-1] INFO  Server - in reading method
2024-05-27 02:44:12.070 [pool-2-thread-1] INFO  Server - returning ois.readObject
2024-05-27 02:44:12.079 [main] INFO  Server - after reading request in processing client block
2024-05-27 02:44:12.080 [main] INFO  Server - before processing request in processing client block
2024-05-27 02:44:12.080 [main] INFO  Server - in processRequest method
2024-05-27 02:44:12.080 [main] INFO  Server - processing request started
2024-05-27 02:44:12.081 [main] INFO  Server - before requestHandler.processRequest
2024-05-27 02:44:12.089 [main] INFO  Server - after requestHandler processRequest
2024-05-27 02:44:12.090 [main] INFO  Server - after processing request in processing client block
2024-05-27 02:44:12.090 [main] INFO  Server - in send response 
2024-05-27 02:44:12.095 [main] INFO  Server - oos flushed
2024-05-27 02:44:12.096 [main] INFO  Server - before writing to clientSocket sizeBuffer
2024-05-27 02:44:12.096 [main] INFO  Server - in sending response while loop
2024-05-27 02:44:12.097 [main] INFO  Server - Response sent to /127.0.0.1:65222
2024-05-27 02:44:12.097 [main] INFO  Server - before read request in processing client block
2024-05-27 02:44:12.098 [pool-2-thread-1] INFO  Server - in reading method
2024-05-27 02:44:15.306 [pool-2-thread-1] INFO  Server - returning ois.readObject
2024-05-27 02:44:15.307 [main] INFO  Server - after reading request in processing client block
2024-05-27 02:44:15.307 [main] INFO  Server - before processing request in processing client block
2024-05-27 02:44:15.308 [main] INFO  Server - in processRequest method
2024-05-27 02:44:15.308 [main] INFO  Server - processing request started
2024-05-27 02:44:15.308 [main] INFO  Server - before requestHandler.processRequest
2024-05-27 02:44:15.309 [main] INFO  Server - after requestHandler processRequest
2024-05-27 02:44:15.309 [main] INFO  Server - after processing request in processing client block
2024-05-27 02:44:15.309 [main] INFO  Server - in send response 
2024-05-27 02:44:15.310 [main] INFO  Server - oos flushed
2024-05-27 02:44:15.310 [main] INFO  Server - before writing to clientSocket sizeBuffer
2024-05-27 02:44:15.310 [main] INFO  Server - in sending response while loop
2024-05-27 02:44:15.311 [main] INFO  Server - Response sent to /127.0.0.1:65222
2024-05-27 02:44:15.311 [main] INFO  Server - before read request in processing client block
2024-05-27 02:44:15.312 [pool-2-thread-1] INFO  Server - in reading method
2024-05-27 02:44:15.988 [pool-2-thread-1] INFO  Server - returning ois.readObject
2024-05-27 02:44:15.989 [main] INFO  Server - after reading request in processing client block
2024-05-27 02:44:15.989 [main] INFO  Server - before processing request in processing client block
2024-05-27 02:44:15.990 [main] INFO  Server - in processRequest method
2024-05-27 02:44:15.990 [main] INFO  Server - processing request started
2024-05-27 02:44:15.990 [main] INFO  Server - before requestHandler.processRequest
2024-05-27 02:44:15.991 [main] INFO  Server - after requestHandler processRequest
2024-05-27 02:44:15.991 [main] INFO  Server - after processing request in processing client block
2024-05-27 02:44:15.992 [main] INFO  Server - in send response 
2024-05-27 02:44:15.992 [main] INFO  Server - oos flushed
2024-05-27 02:44:15.992 [main] INFO  Server - before writing to clientSocket sizeBuffer
2024-05-27 02:44:15.993 [main] INFO  Server - in sending response while loop
2024-05-27 02:44:15.993 [main] INFO  Server - Response sent to /127.0.0.1:65222
2024-05-27 02:44:15.993 [main] INFO  Server - before read request in processing client block
2024-05-27 02:44:15.994 [pool-2-thread-1] INFO  Server - in reading method
2024-05-27 02:44:16.355 [pool-2-thread-1] INFO  Server - returning ois.readObject
2024-05-27 02:44:16.356 [main] INFO  Server - after reading request in processing client block
2024-05-27 02:44:16.357 [main] INFO  Server - before processing request in processing client block
2024-05-27 02:44:16.357 [main] INFO  Server - in processRequest method
2024-05-27 02:44:16.357 [main] INFO  Server - processing request started
2024-05-27 02:44:16.358 [main] INFO  Server - before requestHandler.processRequest
2024-05-27 02:44:16.358 [main] INFO  Server - after requestHandler processRequest
2024-05-27 02:44:16.358 [main] INFO  Server - after processing request in processing client block
2024-05-27 02:44:16.358 [main] INFO  Server - in send response 
2024-05-27 02:44:16.359 [main] INFO  Server - oos flushed
2024-05-27 02:44:16.359 [main] INFO  Server - before writing to clientSocket sizeBuffer
2024-05-27 02:44:16.360 [main] INFO  Server - in sending response while loop
2024-05-27 02:44:16.360 [main] INFO  Server - Response sent to /127.0.0.1:65222
2024-05-27 02:44:16.360 [main] INFO  Server - before read request in processing client block
2024-05-27 02:44:16.361 [pool-2-thread-1] INFO  Server - in reading method
2024-05-27 02:44:47.405 [pool-2-thread-1] ERROR Server - IO exception from client while reading request /127.0.0.1, info: Connection reset
2024-05-27 02:44:47.406 [main] INFO  Server - after reading request in processing client block
2024-05-27 02:44:47.406 [main] INFO  Server - null request -> breaking processing client
2024-05-27 02:44:47.407 [main] INFO  Server - Accepted connection from /127.0.0.1:65235
2024-05-27 02:44:47.407 [main] INFO  Server - before read request in processing client block
2024-05-27 02:44:47.407 [pool-2-thread-1] INFO  Server - in reading method
2024-05-27 02:44:47.408 [pool-2-thread-1] INFO  Server - returning ois.readObject
2024-05-27 02:44:47.409 [main] INFO  Server - after reading request in processing client block
2024-05-27 02:44:47.409 [main] INFO  Server - before processing request in processing client block
2024-05-27 02:44:47.409 [main] INFO  Server - in processRequest method
2024-05-27 02:44:47.409 [main] INFO  Server - processing request started
2024-05-27 02:44:47.410 [main] INFO  Server - before requestHandler.processRequest
2024-05-27 02:44:47.410 [main] INFO  Server - after requestHandler processRequest
2024-05-27 02:44:47.410 [main] INFO  Server - after processing request in processing client block
2024-05-27 02:44:47.411 [main] INFO  Server - in send response 
2024-05-27 02:44:47.411 [main] INFO  Server - oos flushed
2024-05-27 02:44:47.411 [main] INFO  Server - before writing to clientSocket sizeBuffer
2024-05-27 02:44:47.412 [main] INFO  Server - in sending response while loop
2024-05-27 02:44:47.412 [main] INFO  Server - Response sent to /127.0.0.1:65235
2024-05-27 02:44:47.412 [main] INFO  Server - before read request in processing client block
2024-05-27 02:44:47.413 [pool-2-thread-1] INFO  Server - in reading method
2024-05-27 02:44:47.445 [pool-2-thread-1] INFO  Server - returning ois.readObject
2024-05-27 02:44:47.447 [main] INFO  Server - after reading request in processing client block
2024-05-27 02:44:47.447 [main] INFO  Server - before processing request in processing client block
2024-05-27 02:44:47.448 [main] INFO  Server - in processRequest method
2024-05-27 02:44:47.448 [main] INFO  Server - processing request started
2024-05-27 02:44:47.449 [main] INFO  Server - before requestHandler.processRequest
2024-05-27 02:44:47.449 [main] INFO  Server - after requestHandler processRequest
2024-05-27 02:44:47.449 [main] INFO  Server - after processing request in processing client block
2024-05-27 02:44:47.450 [main] INFO  Server - in send response 
2024-05-27 02:44:47.450 [main] INFO  Server - oos flushed
2024-05-27 02:44:47.450 [main] INFO  Server - before writing to clientSocket sizeBuffer
2024-05-27 02:44:47.451 [main] INFO  Server - in sending response while loop
2024-05-27 02:44:47.451 [main] INFO  Server - Response sent to /127.0.0.1:65235
2024-05-27 02:44:47.452 [main] INFO  Server - before read request in processing client block
2024-05-27 02:44:47.452 [pool-2-thread-1] INFO  Server - in reading method
2024-05-27 02:44:48.618 [pool-2-thread-1] ERROR Server - IO exception from client while reading request /127.0.0.1, info: Connection reset
2024-05-27 02:44:48.619 [main] INFO  Server - after reading request in processing client block
2024-05-27 02:44:48.619 [main] INFO  Server - null request -> breaking processing client
