2024-05-27 03:15:38.299 [main] INFO  DBRelated.JdbcProvider - Connection with db is established 
2024-05-27 03:15:38.353 [main] INFO  Server - Server started running
2024-05-27 03:15:57.262 [main] INFO  Server - Accepted connection from /127.0.0.1:50133
2024-05-27 03:15:57.266 [pool-2-thread-1] INFO  Server - before read request in processing client block
2024-05-27 03:15:57.269 [pool-2-thread-2] INFO  Server - in reading method
2024-05-27 03:16:01.583 [pool-2-thread-2] INFO  Server - returning ois.readObject
2024-05-27 03:16:01.593 [pool-2-thread-1] INFO  Server - after reading request in processing client block
2024-05-27 03:16:01.596 [pool-2-thread-1] INFO  Server - before read request in processing client block
2024-05-27 03:16:01.597 [pool-2-thread-2] INFO  Server - in reading method
2024-05-27 03:16:01.597 [ForkJoinPool-1-worker-1] INFO  Server - before processing request in processing client block
2024-05-27 03:16:01.598 [ForkJoinPool-1-worker-1] INFO  Server - in processRequest method
2024-05-27 03:16:01.598 [ForkJoinPool-1-worker-1] INFO  Server - processing request started
2024-05-27 03:16:01.725 [ForkJoinPool-1-worker-1] INFO  Server - after processing request in processing client block
2024-05-27 03:16:01.727 [pool-3-thread-1] INFO  Server - in send response 
2024-05-27 03:16:01.733 [pool-3-thread-1] INFO  Server - oos flushed
2024-05-27 03:16:01.734 [pool-3-thread-1] INFO  Server - before writing to clientSocket sizeBuffer
2024-05-27 03:16:01.734 [pool-3-thread-1] INFO  Server - in sending response while loop
2024-05-27 03:16:01.735 [pool-3-thread-1] INFO  Server - Response sent to /127.0.0.1:50133
2024-05-27 03:16:05.941 [pool-2-thread-2] ERROR Server - Connection closed prematurely
2024-05-27 03:16:05.942 [pool-2-thread-1] INFO  Server - after reading request in processing client block
2024-05-27 03:16:05.943 [pool-2-thread-1] INFO  Server - null request -> breaking processing client
2024-05-27 03:16:18.702 [main] INFO  Server - Accepted connection from /127.0.0.1:50139
2024-05-27 03:16:18.703 [pool-2-thread-1] INFO  Server - before read request in processing client block
2024-05-27 03:16:18.704 [pool-2-thread-2] INFO  Server - in reading method
2024-05-27 03:16:23.136 [pool-2-thread-2] INFO  Server - returning ois.readObject
2024-05-27 03:16:23.138 [pool-2-thread-1] INFO  Server - after reading request in processing client block
2024-05-27 03:16:23.138 [pool-2-thread-1] INFO  Server - before read request in processing client block
2024-05-27 03:16:23.138 [ForkJoinPool-1-worker-1] INFO  Server - before processing request in processing client block
2024-05-27 03:16:23.138 [pool-2-thread-2] INFO  Server - in reading method
2024-05-27 03:16:23.139 [ForkJoinPool-1-worker-1] INFO  Server - in processRequest method
2024-05-27 03:16:23.139 [ForkJoinPool-1-worker-1] INFO  Server - processing request started
2024-05-27 03:16:23.169 [ForkJoinPool-1-worker-1] INFO  Server - after processing request in processing client block
2024-05-27 03:16:23.170 [pool-3-thread-2] INFO  Server - in send response 
2024-05-27 03:16:23.171 [pool-3-thread-2] INFO  Server - oos flushed
2024-05-27 03:16:23.171 [pool-3-thread-2] INFO  Server - before writing to clientSocket sizeBuffer
2024-05-27 03:16:23.172 [pool-3-thread-2] INFO  Server - in sending response while loop
2024-05-27 03:16:23.172 [pool-3-thread-2] INFO  Server - Response sent to /127.0.0.1:50139
2024-05-27 03:16:28.341 [pool-2-thread-2] INFO  Server - returning ois.readObject
2024-05-27 03:16:28.343 [pool-2-thread-1] INFO  Server - after reading request in processing client block
2024-05-27 03:16:28.343 [pool-2-thread-1] INFO  Server - before read request in processing client block
2024-05-27 03:16:28.343 [ForkJoinPool-1-worker-1] INFO  Server - before processing request in processing client block
2024-05-27 03:16:28.343 [pool-2-thread-2] INFO  Server - in reading method
2024-05-27 03:16:28.344 [ForkJoinPool-1-worker-1] INFO  Server - in processRequest method
2024-05-27 03:16:28.344 [ForkJoinPool-1-worker-1] INFO  Server - processing request started
2024-05-27 03:16:28.345 [ForkJoinPool-1-worker-1] INFO  Server - before requestHandler.processRequest
2024-05-27 03:16:28.353 [ForkJoinPool-1-worker-1] INFO  Server - after requestHandler processRequest
2024-05-27 03:16:28.353 [ForkJoinPool-1-worker-1] INFO  Server - after processing request in processing client block
2024-05-27 03:16:28.354 [pool-3-thread-3] INFO  Server - in send response 
2024-05-27 03:16:28.355 [pool-3-thread-3] INFO  Server - oos flushed
2024-05-27 03:16:28.355 [pool-3-thread-3] INFO  Server - before writing to clientSocket sizeBuffer
2024-05-27 03:16:28.356 [pool-3-thread-3] INFO  Server - in sending response while loop
2024-05-27 03:16:28.356 [pool-3-thread-3] INFO  Server - Response sent to /127.0.0.1:50139
2024-05-27 03:16:28.377 [pool-2-thread-2] ERROR Server - IO exception from client while reading request /127.0.0.1, info: Connection reset
2024-05-27 03:16:28.377 [pool-2-thread-1] INFO  Server - after reading request in processing client block
2024-05-27 03:16:28.378 [pool-2-thread-1] INFO  Server - null request -> breaking processing client
