2024-05-27 03:24:32.546 [main] INFO  DBRelated.JdbcProvider - Connection with db is established 
2024-05-27 03:24:32.593 [main] INFO  Server - Server started running
2024-05-27 03:24:34.048 [main] INFO  Server - Accepted connection from /127.0.0.1:50464
2024-05-27 03:24:34.052 [pool-2-thread-1] INFO  Server - before read request in processing client block
2024-05-27 03:24:34.054 [pool-2-thread-2] INFO  Server - in reading method
2024-05-27 03:24:36.246 [pool-2-thread-2] INFO  Server - returning ois.readObject
2024-05-27 03:24:36.257 [pool-2-thread-1] INFO  Server - after reading request in processing client block
2024-05-27 03:24:36.259 [pool-2-thread-1] INFO  Server - before read request in processing client block
2024-05-27 03:24:36.260 [pool-2-thread-2] INFO  Server - in reading method
2024-05-27 03:24:36.260 [ForkJoinPool-1-worker-1] INFO  Server - before processing request in processing client block
2024-05-27 03:24:36.261 [ForkJoinPool-1-worker-1] INFO  Server - in processRequest method
2024-05-27 03:24:36.261 [ForkJoinPool-1-worker-1] INFO  Server - processing request started
2024-05-27 03:24:36.380 [ForkJoinPool-1-worker-1] INFO  Server - after processing request in processing client block
2024-05-27 03:24:36.382 [pool-3-thread-1] INFO  Server - in send response 
2024-05-27 03:24:36.387 [pool-3-thread-1] INFO  Server - oos flushed
2024-05-27 03:24:36.388 [pool-3-thread-1] INFO  Server - before writing to clientSocket sizeBuffer
2024-05-27 03:24:36.388 [pool-3-thread-1] INFO  Server - in sending response while loop
2024-05-27 03:24:36.389 [pool-3-thread-1] INFO  Server - Response sent to /127.0.0.1:50464
2024-05-27 03:24:49.530 [pool-2-thread-2] INFO  Server - returning ois.readObject
2024-05-27 03:24:49.531 [pool-2-thread-1] INFO  Server - after reading request in processing client block
2024-05-27 03:24:49.532 [pool-2-thread-1] INFO  Server - before read request in processing client block
2024-05-27 03:24:49.532 [ForkJoinPool-1-worker-1] INFO  Server - before processing request in processing client block
2024-05-27 03:24:49.532 [pool-2-thread-2] INFO  Server - in reading method
2024-05-27 03:24:49.533 [ForkJoinPool-1-worker-1] INFO  Server - in processRequest method
2024-05-27 03:24:49.533 [ForkJoinPool-1-worker-1] INFO  Server - processing request started
2024-05-27 03:24:49.586 [ForkJoinPool-1-worker-1] INFO  Server - after processing request in processing client block
2024-05-27 03:24:49.588 [pool-3-thread-2] INFO  Server - in send response 
2024-05-27 03:24:49.589 [pool-3-thread-2] INFO  Server - oos flushed
2024-05-27 03:24:49.589 [pool-3-thread-2] INFO  Server - before writing to clientSocket sizeBuffer
2024-05-27 03:24:49.590 [pool-3-thread-2] INFO  Server - in sending response while loop
2024-05-27 03:24:49.590 [pool-3-thread-2] INFO  Server - Response sent to /127.0.0.1:50464
2024-05-27 03:27:06.182 [pool-2-thread-2] INFO  Server - returning ois.readObject
2024-05-27 03:27:06.184 [pool-2-thread-1] INFO  Server - after reading request in processing client block
2024-05-27 03:27:06.184 [pool-2-thread-1] INFO  Server - before read request in processing client block
2024-05-27 03:27:06.185 [pool-2-thread-2] INFO  Server - in reading method
2024-05-27 03:27:06.185 [ForkJoinPool-1-worker-2] INFO  Server - before processing request in processing client block
2024-05-27 03:27:06.186 [ForkJoinPool-1-worker-2] INFO  Server - in processRequest method
2024-05-27 03:27:06.186 [ForkJoinPool-1-worker-2] INFO  Server - processing request started
2024-05-27 03:27:06.248 [ForkJoinPool-1-worker-2] INFO  Server - after processing request in processing client block
2024-05-27 03:27:06.250 [pool-3-thread-3] INFO  Server - in send response 
2024-05-27 03:27:06.251 [pool-3-thread-3] INFO  Server - oos flushed
2024-05-27 03:27:06.251 [pool-3-thread-3] INFO  Server - before writing to clientSocket sizeBuffer
2024-05-27 03:27:06.251 [pool-3-thread-3] INFO  Server - in sending response while loop
2024-05-27 03:27:06.252 [pool-3-thread-3] INFO  Server - Response sent to /127.0.0.1:50464
2024-05-27 03:27:09.776 [pool-2-thread-2] ERROR Server - IO exception from client while reading request /127.0.0.1, info: Connection reset
2024-05-27 03:27:09.777 [pool-2-thread-1] INFO  Server - after reading request in processing client block
2024-05-27 03:27:09.777 [pool-2-thread-1] INFO  Server - null request -> breaking processing client
