2024-05-27 02:45:43.637 [main] INFO  DBRelated.JdbcProvider - Connection with db is established 
2024-05-27 02:45:43.687 [main] INFO  Server - Server started running
2024-05-27 02:45:45.182 [main] INFO  Server - Accepted connection from /127.0.0.1:65272
2024-05-27 02:45:45.187 [pool-2-thread-1] INFO  Server - before read request in processing client block
2024-05-27 02:45:45.190 [pool-2-thread-2] INFO  Server - in reading method
2024-05-27 02:45:46.104 [pool-2-thread-2] INFO  Server - returning ois.readObject
2024-05-27 02:45:46.114 [pool-2-thread-1] INFO  Server - after reading request in processing client block
2024-05-27 02:45:46.115 [pool-2-thread-1] INFO  Server - before processing request in processing client block
2024-05-27 02:45:46.115 [pool-2-thread-1] INFO  Server - in processRequest method
2024-05-27 02:45:46.115 [pool-2-thread-1] INFO  Server - processing request started
2024-05-27 02:45:46.117 [pool-2-thread-1] INFO  Server - before requestHandler.processRequest
2024-05-27 02:45:46.125 [pool-2-thread-1] INFO  Server - after requestHandler processRequest
2024-05-27 02:45:46.125 [pool-2-thread-1] INFO  Server - after processing request in processing client block
2024-05-27 02:45:46.125 [pool-2-thread-1] INFO  Server - in send response 
2024-05-27 02:45:46.131 [pool-2-thread-1] INFO  Server - oos flushed
2024-05-27 02:45:46.131 [pool-2-thread-1] INFO  Server - before writing to clientSocket sizeBuffer
2024-05-27 02:45:46.132 [pool-2-thread-1] INFO  Server - in sending response while loop
2024-05-27 02:45:46.133 [pool-2-thread-1] INFO  Server - Response sent to /127.0.0.1:65272
2024-05-27 02:45:46.133 [pool-2-thread-1] INFO  Server - before read request in processing client block
2024-05-27 02:45:46.134 [pool-2-thread-2] INFO  Server - in reading method
2024-05-27 02:45:54.024 [pool-2-thread-2] INFO  Server - returning ois.readObject
2024-05-27 02:45:54.025 [pool-2-thread-1] INFO  Server - after reading request in processing client block
2024-05-27 02:45:54.025 [pool-2-thread-1] INFO  Server - before processing request in processing client block
2024-05-27 02:45:54.026 [pool-2-thread-1] INFO  Server - in processRequest method
2024-05-27 02:45:54.026 [pool-2-thread-1] INFO  Server - processing request started
2024-05-27 02:45:54.026 [pool-2-thread-1] INFO  Server - before requestHandler.processRequest
2024-05-27 02:45:54.027 [pool-2-thread-1] INFO  Server - after requestHandler processRequest
2024-05-27 02:45:54.027 [pool-2-thread-1] INFO  Server - after processing request in processing client block
2024-05-27 02:45:54.028 [pool-2-thread-1] INFO  Server - in send response 
2024-05-27 02:45:54.028 [pool-2-thread-1] INFO  Server - oos flushed
2024-05-27 02:45:54.028 [pool-2-thread-1] INFO  Server - before writing to clientSocket sizeBuffer
2024-05-27 02:45:54.029 [pool-2-thread-1] INFO  Server - in sending response while loop
2024-05-27 02:45:54.029 [pool-2-thread-1] INFO  Server - Response sent to /127.0.0.1:65272
2024-05-27 02:45:54.030 [pool-2-thread-1] INFO  Server - before read request in processing client block
2024-05-27 02:45:54.031 [pool-2-thread-2] INFO  Server - in reading method
2024-05-27 02:46:02.528 [main] INFO  Server - Accepted connection from /127.0.0.1:65285
2024-05-27 02:46:02.529 [pool-2-thread-3] INFO  Server - before read request in processing client block
2024-05-27 02:46:10.013 [pool-2-thread-2] INFO  Server - returning ois.readObject
2024-05-27 02:46:10.014 [pool-2-thread-1] INFO  Server - after reading request in processing client block
2024-05-27 02:46:10.014 [pool-2-thread-4] INFO  Server - in reading method
2024-05-27 02:46:10.015 [pool-2-thread-1] INFO  Server - before processing request in processing client block
2024-05-27 02:46:10.015 [pool-2-thread-1] INFO  Server - in processRequest method
2024-05-27 02:46:10.015 [pool-2-thread-4] INFO  Server - returning ois.readObject
2024-05-27 02:46:10.015 [pool-2-thread-1] INFO  Server - processing request started
2024-05-27 02:46:10.016 [pool-2-thread-1] INFO  Server - before requestHandler.processRequest
2024-05-27 02:46:10.016 [pool-2-thread-3] INFO  Server - after reading request in processing client block
2024-05-27 02:46:10.016 [pool-2-thread-1] INFO  Server - after requestHandler processRequest
2024-05-27 02:46:10.016 [pool-2-thread-3] INFO  Server - before processing request in processing client block
2024-05-27 02:46:10.017 [pool-2-thread-1] INFO  Server - after processing request in processing client block
2024-05-27 02:46:10.017 [pool-2-thread-3] INFO  Server - in processRequest method
2024-05-27 02:46:10.017 [pool-2-thread-1] INFO  Server - in send response 
2024-05-27 02:46:10.017 [pool-2-thread-3] INFO  Server - processing request started
2024-05-27 02:46:10.017 [pool-2-thread-1] INFO  Server - oos flushed
2024-05-27 02:46:10.018 [pool-2-thread-3] INFO  Server - before requestHandler.processRequest
2024-05-27 02:46:10.018 [pool-2-thread-1] INFO  Server - before writing to clientSocket sizeBuffer
2024-05-27 02:46:10.018 [pool-2-thread-3] INFO  Server - after requestHandler processRequest
2024-05-27 02:46:10.018 [pool-2-thread-1] INFO  Server - in sending response while loop
2024-05-27 02:46:10.018 [pool-2-thread-3] INFO  Server - after processing request in processing client block
2024-05-27 02:46:10.019 [pool-2-thread-1] INFO  Server - Response sent to /127.0.0.1:65272
2024-05-27 02:46:10.019 [pool-2-thread-1] INFO  Server - before read request in processing client block
2024-05-27 02:46:10.019 [pool-2-thread-3] INFO  Server - in send response 
2024-05-27 02:46:10.020 [pool-2-thread-3] INFO  Server - oos flushed
2024-05-27 02:46:10.020 [pool-2-thread-3] INFO  Server - before writing to clientSocket sizeBuffer
2024-05-27 02:46:10.020 [pool-2-thread-3] INFO  Server - in sending response while loop
2024-05-27 02:46:10.021 [pool-2-thread-3] INFO  Server - Response sent to /127.0.0.1:65285
2024-05-27 02:46:10.021 [pool-2-thread-3] INFO  Server - before read request in processing client block
2024-05-27 02:46:10.022 [pool-2-thread-4] INFO  Server - in reading method
2024-05-27 02:46:14.385 [pool-2-thread-4] INFO  Server - returning ois.readObject
2024-05-27 02:46:14.386 [pool-2-thread-2] INFO  Server - in reading method
2024-05-27 02:46:14.386 [pool-2-thread-1] INFO  Server - after reading request in processing client block
2024-05-27 02:46:14.387 [pool-2-thread-1] INFO  Server - before processing request in processing client block
2024-05-27 02:46:14.387 [pool-2-thread-1] INFO  Server - in processRequest method
2024-05-27 02:46:14.387 [pool-2-thread-1] INFO  Server - processing request started
2024-05-27 02:46:14.388 [pool-2-thread-1] INFO  Server - before requestHandler.processRequest
2024-05-27 02:46:14.388 [pool-2-thread-1] INFO  Server - after requestHandler processRequest
2024-05-27 02:46:14.389 [pool-2-thread-1] INFO  Server - after processing request in processing client block
2024-05-27 02:46:19.820 [pool-2-thread-2] INFO  Server - returning ois.readObject
2024-05-27 02:46:19.821 [pool-2-thread-1] INFO  Server - in send response 
2024-05-27 02:46:19.821 [pool-2-thread-3] INFO  Server - after reading request in processing client block
2024-05-27 02:46:19.822 [pool-2-thread-1] INFO  Server - oos flushed
2024-05-27 02:46:19.822 [pool-2-thread-3] INFO  Server - before processing request in processing client block
2024-05-27 02:46:19.822 [pool-2-thread-1] INFO  Server - before writing to clientSocket sizeBuffer
2024-05-27 02:46:19.823 [pool-2-thread-3] INFO  Server - in processRequest method
2024-05-27 02:46:19.823 [pool-2-thread-1] INFO  Server - in sending response while loop
2024-05-27 02:46:19.823 [pool-2-thread-3] INFO  Server - processing request started
2024-05-27 02:46:19.823 [pool-2-thread-1] INFO  Server - Response sent to /127.0.0.1:65272
2024-05-27 02:46:19.823 [pool-2-thread-3] INFO  Server - before requestHandler.processRequest
2024-05-27 02:46:19.824 [pool-2-thread-1] INFO  Server - before read request in processing client block
2024-05-27 02:46:19.824 [pool-2-thread-3] INFO  Server - after requestHandler processRequest
2024-05-27 02:46:19.824 [pool-2-thread-2] INFO  Server - in reading method
2024-05-27 02:46:19.824 [pool-2-thread-3] INFO  Server - after processing request in processing client block
2024-05-27 02:46:27.296 [pool-2-thread-2] INFO  Server - returning ois.readObject
2024-05-27 02:46:27.297 [pool-2-thread-3] INFO  Server - in send response 
2024-05-27 02:46:27.297 [pool-2-thread-1] INFO  Server - after reading request in processing client block
2024-05-27 02:46:27.298 [pool-2-thread-1] INFO  Server - before processing request in processing client block
2024-05-27 02:46:27.298 [pool-2-thread-3] INFO  Server - oos flushed
2024-05-27 02:46:27.298 [pool-2-thread-1] INFO  Server - in processRequest method
2024-05-27 02:46:27.298 [pool-2-thread-3] INFO  Server - before writing to clientSocket sizeBuffer
2024-05-27 02:46:27.298 [pool-2-thread-1] INFO  Server - processing request started
2024-05-27 02:46:27.298 [pool-2-thread-3] INFO  Server - in sending response while loop
2024-05-27 02:46:27.299 [pool-2-thread-1] INFO  Server - before requestHandler.processRequest
2024-05-27 02:46:27.299 [pool-2-thread-1] INFO  Server - after requestHandler processRequest
2024-05-27 02:46:27.299 [pool-2-thread-3] INFO  Server - Response sent to /127.0.0.1:65285
2024-05-27 02:46:27.299 [pool-2-thread-1] INFO  Server - after processing request in processing client block
2024-05-27 02:46:27.300 [pool-2-thread-3] INFO  Server - before read request in processing client block
2024-05-27 02:46:27.300 [pool-2-thread-1] INFO  Server - in send response 
2024-05-27 02:46:27.300 [pool-2-thread-1] INFO  Server - oos flushed
2024-05-27 02:46:27.301 [pool-2-thread-1] INFO  Server - before writing to clientSocket sizeBuffer
2024-05-27 02:46:27.301 [pool-2-thread-1] INFO  Server - in sending response while loop
2024-05-27 02:46:27.302 [pool-2-thread-1] INFO  Server - Response sent to /127.0.0.1:65272
2024-05-27 02:46:27.302 [pool-2-thread-1] INFO  Server - before read request in processing client block
2024-05-27 02:46:27.302 [pool-2-thread-2] INFO  Server - in reading method
